<?xml version="1.0" encoding="UTF-8"?>
<!-- Generated by org.testng.reporters.JUnitReportReporter -->
<testsuite hostname="DESKTOP-6VO16K5" failures="0" tests="5" name="org.parameters.OptionalParameter" time="24.381" errors="0" timestamp="2024-03-07T14:21:23 IST" skipped="0">
  <testcase classname="org.parameters.OptionalParameter" name="verifyMyInfo" time="1.711"/>
  <testcase classname="org.parameters.OptionalParameter" name="verifyLogin" time="1.988"/>
  <testcase classname="org.parameters.OptionalParameter" name="MyInfo" time="2.154"/>
  <testcase classname="org.parameters.OptionalParameter" name="loginApp" time="2.399"/>
  <testcase classname="org.parameters.OptionalParameter" name="launchApp" time="16.129"/>
</testsuite> <!-- org.parameters.OptionalParameter -->
