<?xml version="1.0" encoding="UTF-8"?>
<!-- Generated by org.testng.reporters.JUnitReportReporter -->
<testsuite hostname="DESKTOP-6VO16K5" failures="0" tests="6" name="org.priority.IncorrectOrderOfExecution" time="0.079" errors="0" timestamp="2024-03-07T16:50:06 IST" skipped="0">
  <testcase classname="org.priority.IncorrectOrderOfExecution" name="Logout" time="0.004"/>
  <testcase classname="org.priority.IncorrectOrderOfExecution" name="Login" time="0.004"/>
  <testcase classname="org.priority.IncorrectOrderOfExecution" name="BookTheFlight" time="0.055"/>
  <testcase classname="org.priority.IncorrectOrderOfExecution" name="SearchForTheFlight" time="0.005"/>
  <testcase classname="org.priority.IncorrectOrderOfExecution" name="SignUp" time="0.008"/>
  <testcase classname="org.priority.IncorrectOrderOfExecution" name="saveTheTicket" time="0.003"/>
</testsuite> <!-- org.priority.IncorrectOrderOfExecution -->
