<?xml version="1.0" encoding="UTF-8"?>
<!-- Generated by org.testng.reporters.JUnitReportReporter -->
<testsuite hostname="DESKTOP-6VO16K5" failures="0" tests="5" name="org.parallelexecutionwiththreadcount.TestClass3" time="72.335" errors="0" timestamp="2024-03-14T00:28:09 IST" skipped="0">
  <testcase classname="org.parallelexecutionwiththreadcount.TestClass3" name="launchApp" time="48.286"/>
  <testcase classname="org.parallelexecutionwiththreadcount.TestClass3" name="verifyLogin" time="2.048"/>
  <testcase classname="org.parallelexecutionwiththreadcount.TestClass3" name="loginApp" time="7.028"/>
  <testcase classname="org.parallelexecutionwiththreadcount.TestClass3" name="MyInfo" time="4.430"/>
  <testcase classname="org.parallelexecutionwiththreadcount.TestClass3" name="verifyMyInfo" time="10.543"/>
</testsuite> <!-- org.parallelexecutionwiththreadcount.TestClass3 -->
