<?xml version="1.0" encoding="UTF-8"?>
<!-- Generated by org.testng.reporters.JUnitReportReporter -->
<testsuite hostname="DESKTOP-6VO16K5" failures="0" tests="4" name="org.grouping.GroupClass1" time="0.026" errors="0" timestamp="2024-03-08T17:45:06 IST" skipped="0">
  <testcase classname="org.grouping.GroupClass1" name="test3" time="0.011"/>
  <testcase classname="org.grouping.GroupClass1" name="test1" time="0.007"/>
  <testcase classname="org.grouping.GroupClass1" name="test4" time="0.003"/>
  <testcase classname="org.grouping.GroupClass1" name="test2" time="0.005"/>
</testsuite> <!-- org.grouping.GroupClass1 -->
