<?xml version="1.0" encoding="UTF-8"?>
<!-- Generated by org.testng.reporters.JUnitReportReporter -->
<testsuite hostname="DESKTOP-6VO16K5" failures="0" tests="5" name="org.annotations.OrangeHRMwithTestNGAnnotations" time="33.292" errors="0" timestamp="2024-03-06T22:49:37 IST" skipped="0">
  <testcase classname="org.annotations.OrangeHRMwithTestNGAnnotations" name="launchApp" time="11.360"/>
  <testcase classname="org.annotations.OrangeHRMwithTestNGAnnotations" name="verifyMyInfo" time="5.135"/>
  <testcase classname="org.annotations.OrangeHRMwithTestNGAnnotations" name="verifyLogin" time="7.338"/>
  <testcase classname="org.annotations.OrangeHRMwithTestNGAnnotations" name="MyInfo" time="7.521"/>
  <testcase classname="org.annotations.OrangeHRMwithTestNGAnnotations" name="loginApp" time="1.938"/>
</testsuite> <!-- org.annotations.OrangeHRMwithTestNGAnnotations -->
