<?xml version="1.0" encoding="UTF-8"?>
<!-- Generated by org.testng.reporters.JUnitReportReporter -->
<testsuite hostname="DESKTOP-6VO16K5" failures="0" tests="2" name="org.annotations.TestNGAnnotations" time="0.033" errors="0" timestamp="2024-03-06T22:24:39 IST" skipped="0">
  <testcase classname="org.annotations.TestNGAnnotations" name="testMethod1" time="0.018"/>
  <testcase classname="org.annotations.TestNGAnnotations" name="testMethod2" time="0.015"/>
</testsuite> <!-- org.annotations.TestNGAnnotations -->
