<?xml version="1.0" encoding="UTF-8"?>
<!-- Generated by org.testng.reporters.JUnitReportReporter -->
<testsuite hostname="DESKTOP-6VO16K5" failures="0" tests="5" name="org.dependenttest.DependsOnGroups" time="0.052" errors="0" timestamp="2024-03-08T17:51:19 IST" skipped="0">
  <testcase classname="org.dependenttest.DependsOnGroups" name="test2" time="0.007"/>
  <testcase classname="org.dependenttest.DependsOnGroups" name="mainTest" time="0.006"/>
  <testcase classname="org.dependenttest.DependsOnGroups" name="test4" time="0.004"/>
  <testcase classname="org.dependenttest.DependsOnGroups" name="test1" time="0.019"/>
  <testcase classname="org.dependenttest.DependsOnGroups" name="test3" time="0.016"/>
</testsuite> <!-- org.dependenttest.DependsOnGroups -->
