<?xml version="1.0" encoding="UTF-8"?>
<!-- Generated by org.testng.reporters.JUnitReportReporter -->
<testsuite hostname="DESKTOP-6VO16K5" failures="0" tests="2" name="org.dataprovider.PartialDataProviderWithIndices" time="0.020" errors="0" timestamp="2024-03-09T01:31:31 IST" skipped="0">
  <testcase classname="org.dataprovider.PartialDataProviderWithIndices" name="testMethod" time="0.005"/>
  <testcase classname="org.dataprovider.PartialDataProviderWithIndices" name="testMethod" time="0.015"/>
</testsuite> <!-- org.dataprovider.PartialDataProviderWithIndices -->
