<?xml version="1.0" encoding="UTF-8"?>
<!-- Generated by org.testng.reporters.JUnitReportReporter -->
<testsuite hostname="DESKTOP-6VO16K5" failures="0" tests="1" name="org.assertion.SoftAssertion" time="30.960" errors="0" timestamp="2024-03-06T20:22:13 IST" skipped="0">
  <testcase classname="org.assertion.SoftAssertion" name="testFacebook" time="30.960"/>
</testsuite> <!-- org.assertion.SoftAssertion -->
