<?xml version="1.0" encoding="UTF-8"?>
<!-- Generated by org.testng.reporters.JUnitReportReporter -->
<testsuite hostname="DESKTOP-6VO16K5" failures="0" tests="5" name="org.parallelexecutionwiththreadcount.TestClass2" time="97.625" errors="0" timestamp="2024-03-14T00:28:09 IST" skipped="0">
  <testcase classname="org.parallelexecutionwiththreadcount.TestClass2" name="launchApp" time="53.966"/>
  <testcase classname="org.parallelexecutionwiththreadcount.TestClass2" name="verifyLogin" time="3.526"/>
  <testcase classname="org.parallelexecutionwiththreadcount.TestClass2" name="loginApp" time="2.969"/>
  <testcase classname="org.parallelexecutionwiththreadcount.TestClass2" name="MyInfo" time="9.776"/>
  <testcase classname="org.parallelexecutionwiththreadcount.TestClass2" name="verifyMyInfo" time="27.388"/>
</testsuite> <!-- org.parallelexecutionwiththreadcount.TestClass2 -->
