<?xml version="1.0" encoding="UTF-8"?>
<!-- Generated by org.testng.reporters.JUnitReportReporter -->
<testsuite hostname="DESKTOP-6VO16K5" failures="0" tests="2" name="org.dataprovider.DataProviderWithMultiDimArray" time="0.018" errors="0" timestamp="2024-03-09T01:14:38 IST" skipped="0">
  <testcase classname="org.dataprovider.DataProviderWithMultiDimArray" name="TestMethod" time="0.007"/>
  <testcase classname="org.dataprovider.DataProviderWithMultiDimArray" name="TestMethod" time="0.011"/>
</testsuite> <!-- org.dataprovider.DataProviderWithMultiDimArray -->
