<?xml version="1.0" encoding="UTF-8"?>
<!-- Generated by org.testng.reporters.JUnitReportReporter -->
<testsuite hostname="DESKTOP-6VO16K5" failures="0" tests="13" name="org.parameters.SuiteLevelParameter" time="63.799" errors="0" timestamp="2024-03-07T02:17:54 IST" skipped="0">
  <testcase classname="org.parameters.SuiteLevelParameter" name="MyInfo" time="4.250"/>
  <testcase classname="org.parameters.SuiteLevelParameter" name="loginApp" time="6.436"/>
  <testcase classname="org.parameters.SuiteLevelParameter" name="verifyLogin" time="2.072"/>
  <testcase classname="org.parameters.SuiteLevelParameter" name="launchApp" time="10.951"/>
  <testcase classname="org.parameters.SuiteLevelParameter" name="loginApp" time="1.998"/>
  <testcase classname="org.parameters.SuiteLevelParameter" name="launchApp" time="7.800"/>
  <testcase classname="org.parameters.SuiteLevelParameter" name="MyInfo" time="7.044"/>
  <testcase classname="org.parameters.SuiteLevelParameter" name="verifyMyInfo" time="2.964"/>
  <testcase classname="org.parameters.SuiteLevelParameter" name="verifyMyInfo" time="1.251"/>
  <testcase classname="org.parameters.SuiteLevelParameter" name="launchApp" time="10.539"/>
  <testcase classname="org.parameters.SuiteLevelParameter" name="verifyLogin" time="1.777"/>
  <testcase classname="org.parameters.SuiteLevelParameter" name="loginApp" time="2.715"/>
  <testcase classname="org.parameters.SuiteLevelParameter" name="verifyLogin" time="4.002"/>
</testsuite> <!-- org.parameters.SuiteLevelParameter -->
