<?xml version="1.0" encoding="UTF-8"?>
<!-- Generated by org.testng.reporters.JUnitReportReporter -->
<testsuite hostname="DESKTOP-6VO16K5" failures="0" tests="3" name="org.ignore.IgnoreTestLevel" time="0.015" errors="0" timestamp="2024-03-07T18:02:36 IST" skipped="2">
  <testcase classname="org.ignore.IgnoreTestLevel" name="test2" time="0.015"/>
  <testcase classname="org.ignore.IgnoreTestLevel" name="test3">
    <skipped/>
  </testcase> <!-- test3 -->
  <testcase classname="org.ignore.IgnoreTestLevel" name="test1">
    <skipped/>
  </testcase> <!-- test1 -->
</testsuite> <!-- org.ignore.IgnoreTestLevel -->
