<?xml version="1.0" encoding="UTF-8"?>
<!-- Generated by org.testng.reporters.JUnitReportReporter -->
<testsuite hostname="DESKTOP-6VO16K5" failures="0" tests="3" name="org.dataprovider.DataProviderWithExcel" time="102.620" errors="0" timestamp="2024-03-13T01:53:01 IST" skipped="0">
  <testcase classname="org.dataprovider.DataProviderWithExcel" name="LoginDataFromExcel" time="32.661"/>
  <testcase classname="org.dataprovider.DataProviderWithExcel" name="LoginDataFromExcel" time="31.896"/>
  <testcase classname="org.dataprovider.DataProviderWithExcel" name="LoginDataFromExcel" time="38.063"/>
</testsuite> <!-- org.dataprovider.DataProviderWithExcel -->
