<?xml version="1.0" encoding="UTF-8"?>
<!-- Generated by org.testng.reporters.JUnitReportReporter -->
<testsuite hostname="DESKTOP-6VO16K5" failures="0" tests="3" name="org.dataprovider.DataProviderWithSingleDimArray" time="0.031" errors="0" timestamp="2024-03-08T21:27:04 IST" skipped="0">
  <testcase classname="org.dataprovider.DataProviderWithSingleDimArray" name="TestMethod" time="0.006"/>
  <testcase classname="org.dataprovider.DataProviderWithSingleDimArray" name="TestMethod" time="0.010"/>
  <testcase classname="org.dataprovider.DataProviderWithSingleDimArray" name="TestMethod" time="0.015"/>
</testsuite> <!-- org.dataprovider.DataProviderWithSingleDimArray -->
