<?xml version="1.0" encoding="UTF-8"?>
<!-- Generated by org.testng.reporters.JUnitReportReporter -->
<testsuite hostname="DESKTOP-6VO16K5" failures="0" tests="5" name="org.multipleMethodswithxml.OrangeHRM" time="58.021" errors="0" timestamp="2024-03-06T16:06:05 IST" skipped="0">
  <testcase classname="org.multipleMethodswithxml.OrangeHRM" name="launchApp" time="42.585"/>
  <testcase classname="org.multipleMethodswithxml.OrangeHRM" name="verifyMyInfo" time="6.922"/>
  <testcase classname="org.multipleMethodswithxml.OrangeHRM" name="verifyLogin" time="2.887"/>
  <testcase classname="org.multipleMethodswithxml.OrangeHRM" name="loginApp" time="2.161"/>
  <testcase classname="org.multipleMethodswithxml.OrangeHRM" name="MyInfo" time="3.466"/>
</testsuite> <!-- org.multipleMethodswithxml.OrangeHRM -->
