<?xml version="1.0" encoding="UTF-8"?>
<!-- Generated by org.testng.reporters.JUnitReportReporter -->
<testsuite hostname="DESKTOP-6VO16K5" failures="0" tests="5" name="org.sample.OrangeHRM" time="60.816" errors="0" timestamp="2024-03-05T23:38:44 IST" skipped="0">
  <testcase classname="org.sample.OrangeHRM" name="MyInfo" time="2.908"/>
  <testcase classname="org.sample.OrangeHRM" name="loginApp" time="1.998"/>
  <testcase classname="org.sample.OrangeHRM" name="launchApp" time="46.955"/>
  <testcase classname="org.sample.OrangeHRM" name="verifyLogin" time="2.423"/>
  <testcase classname="org.sample.OrangeHRM" name="verifyMyInfo" time="6.532"/>
</testsuite> <!-- org.sample.OrangeHRM -->
