<?xml version="1.0" encoding="UTF-8"?>
<!-- Generated by org.testng.reporters.JUnitReportReporter -->
<testsuite hostname="DESKTOP-6VO16K5" failures="0" tests="1" name="org.timeout.TimeoutException" time="66.882" errors="0" timestamp="2024-03-13T22:49:06 IST" skipped="0">
  <testcase classname="org.timeout.TimeoutException" name="timeOut" time="66.882"/>
</testsuite> <!-- org.timeout.TimeoutException -->
