<?xml version="1.0" encoding="UTF-8"?>
<!-- Generated by org.testng.reporters.JUnitReportReporter -->
<testsuite hostname="DESKTOP-6VO16K5" failures="0" tests="1" name="org.expectedexceptions.ExpectedExceptions" time="53.914" errors="0" timestamp="2024-03-13T22:56:59 IST" skipped="0">
  <testcase classname="org.expectedexceptions.ExpectedExceptions" name="timeOut" time="53.914"/>
</testsuite> <!-- org.expectedexceptions.ExpectedExceptions -->
