<?xml version="1.0" encoding="UTF-8"?>
<!-- Generated by org.testng.reporters.JUnitReportReporter -->
<testsuite hostname="DESKTOP-6VO16K5" failures="0" tests="4" name="org.dataprovider.SeperateTestMethod" time="0.028" errors="0" timestamp="2024-03-09T01:55:11 IST" skipped="0">
  <testcase classname="org.dataprovider.SeperateTestMethod" name="testMethod" time="0.004"/>
  <testcase classname="org.dataprovider.SeperateTestMethod" name="testMethod" time="0.005"/>
  <testcase classname="org.dataprovider.SeperateTestMethod" name="testMethod" time="0.006"/>
  <testcase classname="org.dataprovider.SeperateTestMethod" name="testMethod" time="0.013"/>
</testsuite> <!-- org.dataprovider.SeperateTestMethod -->
