<?xml version="1.0" encoding="UTF-8"?>
<!-- Generated by org.testng.reporters.JUnitReportReporter -->
<testsuite hostname="DESKTOP-6VO16K5" failures="0" tests="3" name="org.enabledisabletestcase.EnableDisableTestCase" time="15.265" errors="0" timestamp="2024-03-07T14:55:20 IST" skipped="0">
  <testcase classname="org.enabledisabletestcase.EnableDisableTestCase" name="launchApp" time="13.865"/>
  <testcase classname="org.enabledisabletestcase.EnableDisableTestCase" name="verifyLogin" time="0.965"/>
  <testcase classname="org.enabledisabletestcase.EnableDisableTestCase" name="loginApp" time="0.435"/>
</testsuite> <!-- org.enabledisabletestcase.EnableDisableTestCase -->
