<?xml version="1.0" encoding="UTF-8"?>
<!-- Generated by org.testng.reporters.JUnitReportReporter -->
<testsuite hostname="DESKTOP-6VO16K5" failures="0" tests="1" name="org.assertion.ValidationWithAssert" time="34.826" errors="0" timestamp="2024-03-06T17:07:33 IST" skipped="0">
  <testcase classname="org.assertion.ValidationWithAssert" name="testGoogle" time="34.826"/>
</testsuite> <!-- org.assertion.ValidationWithAssert -->
