<?xml version="1.0" encoding="UTF-8"?>
<!-- Generated by org.testng.reporters.JUnitReportReporter -->
<testsuite hostname="DESKTOP-6VO16K5" failures="0" tests="2" name="org.sample.TestNGSample" time="112.571" errors="0" timestamp="2024-03-06T15:53:06 IST" skipped="0">
  <testcase classname="org.sample.TestNGSample" name="testFacebook" time="80.694"/>
  <testcase classname="org.sample.TestNGSample" name="testGoogle" time="31.877"/>
</testsuite> <!-- org.sample.TestNGSample -->
