<?xml version="1.0" encoding="UTF-8"?>
<!-- Generated by org.testng.reporters.JUnitReportReporter -->
<testsuite hostname="DESKTOP-6VO16K5" failures="0" tests="4" name="org.grouping.GroupClass2" time="0.013" errors="0" timestamp="2024-03-08T17:45:06 IST" skipped="0">
  <testcase classname="org.grouping.GroupClass2" name="test8" time="0.005"/>
  <testcase classname="org.grouping.GroupClass2" name="test6" time="0.004"/>
  <testcase classname="org.grouping.GroupClass2" name="test5" time="0.001"/>
  <testcase classname="org.grouping.GroupClass2" name="test7" time="0.003"/>
</testsuite> <!-- org.grouping.GroupClass2 -->
