<?xml version="1.0" encoding="UTF-8"?>
<!-- Generated by org.testng.reporters.JUnitReportReporter -->
<testsuite hostname="DESKTOP-6VO16K5" failures="0" tests="5" name="org.parallelexecutionwiththreadcount.TestClass1" time="118.180" errors="0" timestamp="2024-03-14T00:28:09 IST" skipped="0">
  <testcase classname="org.parallelexecutionwiththreadcount.TestClass1" name="launchApp" time="87.168"/>
  <testcase classname="org.parallelexecutionwiththreadcount.TestClass1" name="verifyLogin" time="6.103"/>
  <testcase classname="org.parallelexecutionwiththreadcount.TestClass1" name="loginApp" time="4.728"/>
  <testcase classname="org.parallelexecutionwiththreadcount.TestClass1" name="MyInfo" time="8.518"/>
  <testcase classname="org.parallelexecutionwiththreadcount.TestClass1" name="verifyMyInfo" time="11.663"/>
</testsuite> <!-- org.parallelexecutionwiththreadcount.TestClass1 -->
