<?xml version="1.0" encoding="UTF-8"?>
<!-- Generated by org.testng.reporters.JUnitReportReporter -->
<testsuite hostname="DESKTOP-6VO16K5" failures="0" tests="6" name="org.priority.OrderOfExecutionwithPriority" time="0.068" errors="0" timestamp="2024-03-07T17:14:23 IST" skipped="0">
  <testcase classname="org.priority.OrderOfExecutionwithPriority" name="SignUp" time="0.025"/>
  <testcase classname="org.priority.OrderOfExecutionwithPriority" name="Login" time="0.009"/>
  <testcase classname="org.priority.OrderOfExecutionwithPriority" name="SearchForTheFlight" time="0.013"/>
  <testcase classname="org.priority.OrderOfExecutionwithPriority" name="BookTheFlight" time="0.004"/>
  <testcase classname="org.priority.OrderOfExecutionwithPriority" name="saveTheTicket" time="0.008"/>
  <testcase classname="org.priority.OrderOfExecutionwithPriority" name="Logout" time="0.009"/>
</testsuite> <!-- org.priority.OrderOfExecutionwithPriority -->
