<?xml version="1.0" encoding="UTF-8"?>
<!-- Generated by org.testng.reporters.JUnitReportReporter -->
<testsuite hostname="DESKTOP-6VO16K5" failures="0" tests="2" name="org.dataprovider.CommonClass" time="60.281" errors="0" timestamp="2024-03-09T02:25:41 IST" skipped="0">
  <testcase classname="org.dataprovider.CommonClass" name="orangeHRM" time="35.085"/>
  <testcase classname="org.dataprovider.CommonClass" name="facebook" time="25.196"/>
</testsuite> <!-- org.dataprovider.CommonClass -->
